TN:
SF:src/server.js
FN:1,Object.<anonymous>
FN:2,Object.<anonymous>.__importDefault
FNF:2
FNH:2
FNDA:1,Object.<anonymous>
FNDA:3,Object.<anonymous>.__importDefault
DA:1,1
DA:2,1
DA:3,3
DA:4,1
DA:5,1
DA:6,1
DA:7,1
DA:8,1
DA:9,1
DA:10,1
DA:11,1
DA:12,1
DA:13,1
DA:14,0
DA:15,1
LF:15
LH:14
BRDA:1,0,0,1
BRDA:1,1,0,1
BRDA:2,2,0,3
BRDA:3,3,0,1
BRDA:3,4,0,2
BRF:5
BRH:5
end_of_record
TN:
SF:src/routes/routes.js
FN:1,Object.<anonymous>
FN:2,Object.<anonymous>.__importDefault
FNF:2
FNH:2
FNDA:1,Object.<anonymous>
FNDA:1,Object.<anonymous>.__importDefault
DA:1,1
DA:2,1
DA:3,1
DA:4,1
DA:5,1
DA:6,1
DA:7,1
DA:8,1
DA:9,1
DA:10,1
DA:11,1
DA:12,0
DA:13,1
DA:14,1
DA:15,0
DA:16,0
DA:17,0
DA:18,0
DA:19,0
DA:20,0
DA:21,0
DA:22,0
DA:23,0
DA:24,0
DA:25,0
DA:26,1
DA:27,1
LF:27
LH:15
BRDA:1,0,0,1
BRDA:1,1,0,1
BRDA:2,2,0,1
BRDA:3,3,0,0
BRF:4
BRH:3
end_of_record
TN:
SF:src/singletons/FileReader.js
FN:1,Object.<anonymous>
FN:5,getInstance
FN:11,getTextFromData
FN:14,getWordsFromData
FN:17,getTotalWords
FN:20,getTotalCharacters
FN:23,getTotalSpaces
FN:26,getRepeatedWords
FNF:8
FNH:8
FNDA:2,Object.<anonymous>
FNDA:9,getInstance
FNDA:1,getTextFromData
FNDA:4,getWordsFromData
FNDA:1,getTotalWords
FNDA:1,getTotalCharacters
FNDA:1,getTotalSpaces
FNDA:2,getRepeatedWords
DA:1,2
DA:2,2
DA:3,2
DA:4,2
DA:5,2
DA:6,9
DA:7,1
DA:8,1
DA:9,9
DA:10,9
DA:11,2
DA:12,1
DA:13,1
DA:14,2
DA:15,4
DA:16,4
DA:17,2
DA:18,1
DA:19,1
DA:20,2
DA:21,1
DA:22,1
DA:23,2
DA:24,1
DA:25,1
DA:26,2
DA:27,2
DA:28,2
DA:29,2
DA:30,18
DA:31,2
DA:32,2
DA:33,2
DA:34,2
DA:35,2
DA:36,2
LF:36
LH:36
BRDA:1,0,0,2
BRDA:1,1,0,2
BRDA:5,2,0,9
BRDA:6,3,0,1
BRDA:11,4,0,1
BRDA:14,5,0,4
BRDA:17,6,0,1
BRDA:20,7,0,1
BRDA:23,8,0,1
BRDA:26,9,0,2
BRDA:29,10,0,18
BRDA:30,11,0,5
BRDA:32,12,0,5
BRF:13
BRH:13
end_of_record
